<?xml version="1.0" encoding="UTF-8"?>
<!-- Generated by org.testng.reporters.JUnitReportReporter -->
<testsuite skipped="1" hostname="M-SHARATH-KUMAR" name="com.fb.login.DataProviderConcept" tests="1" failures="0" timestamp="2022-09-26T23:20:18 IST" time="0.000" errors="0">
  <testcase name="login" time="0.000" classname="com.fb.login.DataProviderConcept">
    <skipped/>
  </testcase> <!-- login -->
  <system-out/>
</testsuite> <!-- com.fb.login.DataProviderConcept -->
