<?xml version="1.0" encoding="UTF-8"?>
<!-- Generated by org.testng.reporters.JUnitReportReporter -->
<testsuite hostname="M-SHARATH-KUMAR" failures="0" tests="3" name="com.fb.login.SignUpTest" time="0.005" errors="0" timestamp="2022-08-18T15:18:35 IST" skipped="0">
  <testcase classname="com.fb.login.SignUpTest" name="signUpByEmail" time="0.002"/>
  <system-out/>
  <testcase classname="com.fb.login.SignUpTest" name="signUpByName" time="0.002"/>
  <system-out/>
  <testcase classname="com.fb.login.SignUpTest" name="signUpByNo" time="0.001"/>
  <system-out/>
</testsuite> <!-- com.fb.login.SignUpTest -->
