<?xml version="1.0" encoding="UTF-8"?>
<!-- Generated by org.testng.reporters.JUnitReportReporter -->
<testsuite skipped="0" hostname="M-SHARATH-KUMAR" name="com.fb.login.DpConcept" tests="5" failures="0" timestamp="2022-09-12T15:48:32 IST" time="28.061" errors="0">
  <testcase name="login" time="4.725" classname="com.fb.login.DpConcept"/>
  <system-out/>
  <testcase name="login" time="6.120" classname="com.fb.login.DpConcept"/>
  <system-out/>
  <testcase name="login" time="5.990" classname="com.fb.login.DpConcept"/>
  <system-out/>
  <testcase name="login" time="4.764" classname="com.fb.login.DpConcept"/>
  <system-out/>
  <testcase name="login" time="6.462" classname="com.fb.login.DpConcept"/>
  <system-out/>
</testsuite> <!-- com.fb.login.DpConcept -->
