<?xml version="1.0" encoding="UTF-8"?>
<!-- Generated by org.testng.reporters.JUnitReportReporter -->
<testsuite hostname="M-SHARATH-KUMAR" failures="0" tests="2" name="comPractice.Dp" time="0.012" errors="0" timestamp="2022-08-22T14:28:42 IST" skipped="0">
  <testcase classname="comPractice.Dp" name="Sample" time="0.010"/>
  <system-out/>
  <testcase classname="comPractice.Dp" name="Sample" time="0.002"/>
  <system-out/>
</testsuite> <!-- comPractice.Dp -->
