<?xml version="1.0" encoding="UTF-8"?>
<!-- Generated by org.testng.reporters.JUnitReportReporter -->
<testsuite hostname="M-SHARATH-KUMAR" failures="0" tests="1" name="com.fb.login.LikeTest" time="0.002" errors="0" timestamp="2022-08-18T15:18:35 IST" skipped="0">
  <testcase classname="com.fb.login.LikeTest" name="appLike" time="0.002"/>
  <system-out/>
</testsuite> <!-- com.fb.login.LikeTest -->
