<?xml version="1.0" encoding="UTF-8"?>
<!-- Generated by org.testng.reporters.JUnitReportReporter -->
<testsuite hostname="M-SHARATH-KUMAR" failures="0" tests="2" name="comPractice.LaunchFacebook" time="27.903" errors="0" timestamp="2022-08-18T15:34:58 IST" skipped="0">
  <testcase classname="comPractice.LaunchFacebook" name="test" time="21.585"/>
  <system-out/>
  <testcase classname="comPractice.LaunchFacebook" name="test" time="6.318"/>
  <system-out/>
</testsuite> <!-- comPractice.LaunchFacebook -->
