<?xml version="1.0" encoding="UTF-8"?>
<!-- Generated by org.testng.reporters.JUnitReportReporter -->
<testsuite hostname="M-SHARATH-KUMAR" failures="0" tests="1" name="comPractice.SignUpTest" time="0.008" errors="0" timestamp="2022-08-18T12:34:48 IST" skipped="0">
  <testcase classname="comPractice.SignUpTest" name="signUpByEmail" time="0.008"/>
  <system-out/>
</testsuite> <!-- comPractice.SignUpTest -->
