<?xml version="1.0" encoding="UTF-8"?>
<!-- Generated by org.testng.reporters.JUnitReportReporter -->
<testsuite hostname="M-SHARATH-KUMAR" failures="0" tests="3" name="com.fb.login.postTest" time="0.018" errors="0" timestamp="2022-08-18T15:18:35 IST" skipped="0">
  <testcase classname="com.fb.login.postTest" name="postAudioTest" time="0.007"/>
  <system-out/>
  <testcase classname="com.fb.login.postTest" name="postPicTest" time="0.010"/>
  <system-out/>
  <testcase classname="com.fb.login.postTest" name="postVideoTest" time="0.001"/>
  <system-out/>
</testsuite> <!-- com.fb.login.postTest -->
