<?xml version="1.0" encoding="UTF-8"?>
<!-- Generated by org.testng.reporters.JUnitReportReporter -->
<testsuite hostname="M-SHARATH-KUMAR" failures="0" tests="4" name="com.fb.login.Loggin" time="0.013" errors="0" timestamp="2022-08-18T15:18:35 IST" skipped="0">
  <testcase classname="com.fb.login.Loggin" name="logInByMailTest" time="0.002"/>
  <system-out/>
  <testcase classname="com.fb.login.Loggin" name="LogoutTest" time="0.005"/>
  <system-out/>
  <testcase classname="com.fb.login.Loggin" name="logInByMailAndMNoTest" time="0.002"/>
  <system-out/>
  <testcase classname="com.fb.login.Loggin" name="loginByNoTest" time="0.004"/>
  <system-out/>
</testsuite> <!-- com.fb.login.Loggin -->
