<?xml version="1.0" encoding="UTF-8"?>
<!-- Generated by org.testng.reporters.JUnitReportReporter -->
<testsuite skipped="0" hostname="M-SHARATH-KUMAR" name="Channa.S2" tests="1" failures="0" timestamp="2022-09-12T22:28:11 IST" time="4.756" errors="0">
  <testcase name="fb" time="4.756" classname="Channa.S2"/>
  <system-out/>
</testsuite> <!-- Channa.S2 -->
